
Shift = 0
This text is intended for use in the second programming course.
It covers the material in a traditional CS2 course, as defined
by the Joint ACM/IEEE-CS computing curricula 2001 report.

Shift = 1
Uijt ufyu jt joufoefe gps vtf jo uif tfdpoe qsphsbnnjoh dpvstf.
Ju dpwfst uif nbufsjbm jo b usbejujpobm DT2 dpvstf, bt efgjofe
cz uif Kpjou BDN/JFFF-DT dpnqvujoh dvssjdvmb 2001 sfqpsu.

Shift = -1
Sghr sdws hr hmsdmcdc enq trd hm sgd rdbnmc oqnfqzllhmf bntqrd.
Hs bnudqr sgd lzsdqhzk hm z sqzchshnmzk BR2 bntqrd, zr cdehmdc
ax sgd Inhms ZBL/HDDD-BR bnlotshmf btqqhbtkz 2001 qdonqs.

Shift = 100
Pdeo patp eo ejpajzaz bkn qoa ej pda oaykjz lnkcnwiiejc ykqnoa.
Ep ykrano pda iwpanewh ej w pnwzepekjwh YO2 ykqnoa, wo zabejaz
xu pda Fkejp WYI/EAAA-YO ykilqpejc yqnneyqhw 2001 nalknp.

Shift = -100
Xlmw xibx mw mrxirhih jsv ywi mr xli wigsrh tvskveqqmrk gsyvwi.
Mx gszivw xli qexivmep mr e xvehmxmsrep GW2 gsyvwi, ew hijmrih
fc xli Nsmrx EGQ/MIII-GW gsqtyxmrk gyvvmgype 2001 vitsvx.
