Mine Locations: Size Of Mine = 1 x 1, Prob of Mine = 1
 -----
|     |
|  X  |
|     |
 -----

Mine Counts = 
 -----
|     |
|  1  |
|     |
 -----

Mine Locations: Size Of Mine = 5 x 5, Prob of Mine = 0.25
 ---------------------------------
|     ||     ||     ||     ||     |
|     ||     ||     ||     ||     |
|     ||     ||     ||     ||     |
 ---------------------------------
|     ||     ||     ||     ||     |
|  X  ||     ||     ||     ||     |
|     ||     ||     ||     ||     |
 ---------------------------------
|     ||     ||     ||     ||     |
|     ||     ||     ||     ||     |
|     ||     ||     ||     ||     |
 ---------------------------------
|     ||     ||     ||     ||     |
|     ||     ||     ||  X  ||     |
|     ||     ||     ||     ||     |
 ---------------------------------
|     ||     ||     ||     ||     |
|  X  ||  X  ||  X  ||     ||  X  |
|     ||     ||     ||     ||     |
 ---------------------------------

Mine Counts = 
 ---------------------------------
|     ||     ||     ||     ||     |
|  1  ||  1  ||  0  ||  0  ||  0  |
|     ||     ||     ||     ||     |
 ---------------------------------
|     ||     ||     ||     ||     |
|  1  ||  1  ||  0  ||  0  ||  0  |
|     ||     ||     ||     ||     |
 ---------------------------------
|     ||     ||     ||     ||     |
|  1  ||  1  ||  1  ||  1  ||  1  |
|     ||     ||     ||     ||     |
 ---------------------------------
|     ||     ||     ||     ||     |
|  2  ||  3  ||  3  ||  3  ||  2  |
|     ||     ||     ||     ||     |
 ---------------------------------
|     ||     ||     ||     ||     |
|  2  ||  3  ||  3  ||  3  ||  2  |
|     ||     ||     ||     ||     |
 ---------------------------------

Mine Locations: Size Of Mine = 10 x 10, Prob of Mine = 0.5
 --------------------------------------------------------------------
|     ||     ||     ||     ||     ||     ||     ||     ||     ||     |
|     ||  X  ||     ||     ||     ||  X  ||  X  ||     ||  X  ||     |
|     ||     ||     ||     ||     ||     ||     ||     ||     ||     |
 --------------------------------------------------------------------
|     ||     ||     ||     ||     ||     ||     ||     ||     ||     |
|  X  ||     ||  X  ||     ||     ||     ||     ||     ||  X  ||     |
|     ||     ||     ||     ||     ||     ||     ||     ||     ||     |
 --------------------------------------------------------------------
|     ||     ||     ||     ||     ||     ||     ||     ||     ||     |
|  X  ||  X  ||  X  ||     ||  X  ||  X  ||  X  ||  X  ||     ||  X  |
|     ||     ||     ||     ||     ||     ||     ||     ||     ||     |
 --------------------------------------------------------------------
|     ||     ||     ||     ||     ||     ||     ||     ||     ||     |
|     ||     ||     ||  X  ||     ||     ||  X  ||     ||  X  ||     |
|     ||     ||     ||     ||     ||     ||     ||     ||     ||     |
 --------------------------------------------------------------------
|     ||     ||     ||     ||     ||     ||     ||     ||     ||     |
|     ||     ||  X  ||     ||  X  ||  X  ||     ||     ||  X  ||     |
|     ||     ||     ||     ||     ||     ||     ||     ||     ||     |
 --------------------------------------------------------------------
|     ||     ||     ||     ||     ||     ||     ||     ||     ||     |
|     ||  X  ||  X  ||     ||     ||  X  ||  X  ||  X  ||  X  ||  X  |
|     ||     ||     ||     ||     ||     ||     ||     ||     ||     |
 --------------------------------------------------------------------
|     ||     ||     ||     ||     ||     ||     ||     ||     ||     |
|  X  ||     ||     ||     ||  X  ||     ||  X  ||     ||     ||     |
|     ||     ||     ||     ||     ||     ||     ||     ||     ||     |
 --------------------------------------------------------------------
|     ||     ||     ||     ||     ||     ||     ||     ||     ||     |
|     ||  X  ||  X  ||     ||     ||     ||  X  ||     ||     ||  X  |
|     ||     ||     ||     ||     ||     ||     ||     ||     ||     |
 --------------------------------------------------------------------
|     ||     ||     ||     ||     ||     ||     ||     ||     ||     |
|     ||  X  ||  X  ||     ||     ||  X  ||  X  ||     ||  X  ||     |
|     ||     ||     ||     ||     ||     ||     ||     ||     ||     |
 --------------------------------------------------------------------
|     ||     ||     ||     ||     ||     ||     ||     ||     ||     |
|     ||     ||     ||     ||  X  ||     ||  X  ||     ||     ||     |
|     ||     ||     ||     ||     ||     ||     ||     ||     ||     |
 --------------------------------------------------------------------

Mine Counts = 
 --------------------------------------------------------------------
|     ||     ||     ||     ||     ||     ||     ||     ||     ||     |
|  2  ||  3  ||  2  ||  1  ||  1  ||  2  ||  2  ||  3  ||  2  ||  2  |
|     ||     ||     ||     ||     ||     ||     ||     ||     ||     |
 --------------------------------------------------------------------
|     ||     ||     ||     ||     ||     ||     ||     ||     ||     |
|  4  ||  6  ||  4  ||  3  ||  3  ||  5  ||  5  ||  5  ||  4  ||  3  |
|     ||     ||     ||     ||     ||     ||     ||     ||     ||     |
 --------------------------------------------------------------------
|     ||     ||     ||     ||     ||     ||     ||     ||     ||     |
|  3  ||  5  ||  4  ||  4  ||  3  ||  4  ||  4  ||  5  ||  4  ||  3  |
|     ||     ||     ||     ||     ||     ||     ||     ||     ||     |
 --------------------------------------------------------------------
|     ||     ||     ||     ||     ||     ||     ||     ||     ||     |
|  2  ||  4  ||  4  ||  5  ||  5  ||  6  ||  5  ||  5  ||  4  ||  3  |
|     ||     ||     ||     ||     ||     ||     ||     ||     ||     |
 --------------------------------------------------------------------
|     ||     ||     ||     ||     ||     ||     ||     ||     ||     |
|  1  ||  3  ||  4  ||  4  ||  4  ||  5  ||  5  ||  6  ||  5  ||  4  |
|     ||     ||     ||     ||     ||     ||     ||     ||     ||     |
 --------------------------------------------------------------------
|     ||     ||     ||     ||     ||     ||     ||     ||     ||     |
|  2  ||  4  ||  3  ||  4  ||  4  ||  6  ||  5  ||  5  ||  4  ||  3  |
|     ||     ||     ||     ||     ||     ||     ||     ||     ||     |
 --------------------------------------------------------------------
|     ||     ||     ||     ||     ||     ||     ||     ||     ||     |
|  3  ||  5  ||  4  ||  3  ||  2  ||  5  ||  5  ||  5  ||  4  ||  3  |
|     ||     ||     ||     ||     ||     ||     ||     ||     ||     |
 --------------------------------------------------------------------
|     ||     ||     ||     ||     ||     ||     ||     ||     ||     |
|  3  ||  5  ||  4  ||  3  ||  2  ||  5  ||  4  ||  4  ||  2  ||  2  |
|     ||     ||     ||     ||     ||     ||     ||     ||     ||     |
 --------------------------------------------------------------------
|     ||     ||     ||     ||     ||     ||     ||     ||     ||     |
|  2  ||  4  ||  4  ||  3  ||  2  ||  5  ||  4  ||  4  ||  2  ||  2  |
|     ||     ||     ||     ||     ||     ||     ||     ||     ||     |
 --------------------------------------------------------------------
|     ||     ||     ||     ||     ||     ||     ||     ||     ||     |
|  1  ||  2  ||  2  ||  2  ||  2  ||  4  ||  3  ||  3  ||  1  ||  1  |
|     ||     ||     ||     ||     ||     ||     ||     ||     ||     |
 --------------------------------------------------------------------

